[main] INFO io.swagger.parser.Swagger20Parser - reading from conf/api.yml
[main] WARN io.swagger.codegen.ignore.CodegenIgnoreProcessor - Output directory does not exist, or is inaccessible. No file (.swager-codegen-ignore) will be evaluated.
[main] INFO io.swagger.codegen.AbstractGenerator - writing file /opt/workspace/java/generated/src/main/java/com/shinesolutions/swaggeraem4j/model/InstallStatus.java
[main] INFO io.swagger.codegen.AbstractGenerator - writing file /opt/workspace/java/generated/docs/InstallStatus.md
[main] INFO io.swagger.codegen.AbstractGenerator - writing file /opt/workspace/java/generated/src/main/java/com/shinesolutions/swaggeraem4j/model/InstallStatusStatus.java
[main] INFO io.swagger.codegen.AbstractGenerator - writing file /opt/workspace/java/generated/docs/InstallStatusStatus.md
[main] INFO io.swagger.codegen.AbstractGenerator - writing file /opt/workspace/java/generated/src/main/java/com/shinesolutions/swaggeraem4j/model/KeystoreChainItems.java
[main] INFO io.swagger.codegen.AbstractGenerator - writing file /opt/workspace/java/generated/docs/KeystoreChainItems.md
[main] INFO io.swagger.codegen.AbstractGenerator - writing file /opt/workspace/java/generated/src/main/java/com/shinesolutions/swaggeraem4j/model/KeystoreInfo.java
[main] INFO io.swagger.codegen.AbstractGenerator - writing file /opt/workspace/java/generated/docs/KeystoreInfo.md
[main] INFO io.swagger.codegen.AbstractGenerator - writing file /opt/workspace/java/generated/src/main/java/com/shinesolutions/swaggeraem4j/model/KeystoreItems.java
[main] INFO io.swagger.codegen.AbstractGenerator - writing file /opt/workspace/java/generated/docs/KeystoreItems.md
[main] INFO io.swagger.codegen.AbstractGenerator - writing file /opt/workspace/java/generated/src/main/java/com/shinesolutions/swaggeraem4j/model/SamlConfigurationInfo.java
[main] INFO io.swagger.codegen.AbstractGenerator - writing file /opt/workspace/java/generated/docs/SamlConfigurationInfo.md
[main] INFO io.swagger.codegen.AbstractGenerator - writing file /opt/workspace/java/generated/src/main/java/com/shinesolutions/swaggeraem4j/model/SamlConfigurationProperties.java
[main] INFO io.swagger.codegen.AbstractGenerator - writing file /opt/workspace/java/generated/docs/SamlConfigurationProperties.md
[main] INFO io.swagger.codegen.AbstractGenerator - writing file /opt/workspace/java/generated/src/main/java/com/shinesolutions/swaggeraem4j/model/SamlConfigurationPropertyItemsArray.java
[main] INFO io.swagger.codegen.AbstractGenerator - writing file /opt/workspace/java/generated/docs/SamlConfigurationPropertyItemsArray.md
[main] INFO io.swagger.codegen.AbstractGenerator - writing file /opt/workspace/java/generated/src/main/java/com/shinesolutions/swaggeraem4j/model/SamlConfigurationPropertyItemsBoolean.java
[main] INFO io.swagger.codegen.AbstractGenerator - writing file /opt/workspace/java/generated/docs/SamlConfigurationPropertyItemsBoolean.md
[main] INFO io.swagger.codegen.AbstractGenerator - writing file /opt/workspace/java/generated/src/main/java/com/shinesolutions/swaggeraem4j/model/SamlConfigurationPropertyItemsLong.java
[main] INFO io.swagger.codegen.AbstractGenerator - writing file /opt/workspace/java/generated/docs/SamlConfigurationPropertyItemsLong.md
[main] INFO io.swagger.codegen.AbstractGenerator - writing file /opt/workspace/java/generated/src/main/java/com/shinesolutions/swaggeraem4j/model/SamlConfigurationPropertyItemsString.java
[main] INFO io.swagger.codegen.AbstractGenerator - writing file /opt/workspace/java/generated/docs/SamlConfigurationPropertyItemsString.md
[main] INFO io.swagger.codegen.AbstractGenerator - writing file /opt/workspace/java/generated/src/main/java/com/shinesolutions/swaggeraem4j/model/TruststoreInfo.java
[main] INFO io.swagger.codegen.AbstractGenerator - writing file /opt/workspace/java/generated/docs/TruststoreInfo.md
[main] INFO io.swagger.codegen.AbstractGenerator - writing file /opt/workspace/java/generated/src/main/java/com/shinesolutions/swaggeraem4j/model/TruststoreItems.java
[main] INFO io.swagger.codegen.AbstractGenerator - writing file /opt/workspace/java/generated/docs/TruststoreItems.md
[main] INFO io.swagger.codegen.AbstractGenerator - writing file /opt/workspace/java/generated/src/main/java/com/shinesolutions/swaggeraem4j/api/ConsoleApi.java
[main] INFO io.swagger.codegen.AbstractGenerator - writing file /opt/workspace/java/generated/src/test/java/com/shinesolutions/swaggeraem4j/api/ConsoleApiTest.java
[main] INFO io.swagger.codegen.AbstractGenerator - writing file /opt/workspace/java/generated/docs/ConsoleApi.md
[main] INFO io.swagger.codegen.AbstractGenerator - writing file /opt/workspace/java/generated/src/main/java/com/shinesolutions/swaggeraem4j/api/CqApi.java
[main] INFO io.swagger.codegen.AbstractGenerator - writing file /opt/workspace/java/generated/src/test/java/com/shinesolutions/swaggeraem4j/api/CqApiTest.java
[main] INFO io.swagger.codegen.AbstractGenerator - writing file /opt/workspace/java/generated/docs/CqApi.md
[main] INFO io.swagger.codegen.AbstractGenerator - writing file /opt/workspace/java/generated/src/main/java/com/shinesolutions/swaggeraem4j/api/CrxApi.java
[main] INFO io.swagger.codegen.AbstractGenerator - writing file /opt/workspace/java/generated/src/test/java/com/shinesolutions/swaggeraem4j/api/CrxApiTest.java
[main] INFO io.swagger.codegen.AbstractGenerator - writing file /opt/workspace/java/generated/docs/CrxApi.md
[main] INFO io.swagger.codegen.AbstractGenerator - writing file /opt/workspace/java/generated/src/main/java/com/shinesolutions/swaggeraem4j/api/CustomApi.java
[main] INFO io.swagger.codegen.AbstractGenerator - writing file /opt/workspace/java/generated/src/test/java/com/shinesolutions/swaggeraem4j/api/CustomApiTest.java
[main] INFO io.swagger.codegen.AbstractGenerator - writing file /opt/workspace/java/generated/docs/CustomApi.md
[main] INFO io.swagger.codegen.AbstractGenerator - writing file /opt/workspace/java/generated/src/main/java/com/shinesolutions/swaggeraem4j/api/SlingApi.java
[main] INFO io.swagger.codegen.AbstractGenerator - writing file /opt/workspace/java/generated/src/test/java/com/shinesolutions/swaggeraem4j/api/SlingApiTest.java
[main] INFO io.swagger.codegen.AbstractGenerator - writing file /opt/workspace/java/generated/docs/SlingApi.md
[main] INFO io.swagger.codegen.AbstractGenerator - writing file /opt/workspace/java/generated/pom.xml
[main] INFO io.swagger.codegen.AbstractGenerator - writing file /opt/workspace/java/generated/README.md
[main] INFO io.swagger.codegen.AbstractGenerator - writing file /opt/workspace/java/generated/build.gradle
[main] INFO io.swagger.codegen.AbstractGenerator - writing file /opt/workspace/java/generated/build.sbt
[main] INFO io.swagger.codegen.AbstractGenerator - writing file /opt/workspace/java/generated/settings.gradle
[main] INFO io.swagger.codegen.AbstractGenerator - writing file /opt/workspace/java/generated/gradle.properties
[main] INFO io.swagger.codegen.AbstractGenerator - writing file /opt/workspace/java/generated/src/main/AndroidManifest.xml
[main] INFO io.swagger.codegen.AbstractGenerator - writing file /opt/workspace/java/generated/.travis.yml
[main] INFO io.swagger.codegen.AbstractGenerator - writing file /opt/workspace/java/generated/src/main/java/com/shinesolutions/swaggeraem4j/ApiClient.java
[main] INFO io.swagger.codegen.AbstractGenerator - writing file /opt/workspace/java/generated/src/main/java/com/shinesolutions/swaggeraem4j/StringUtil.java
[main] INFO io.swagger.codegen.AbstractGenerator - writing file /opt/workspace/java/generated/src/main/java/com/shinesolutions/swaggeraem4j/auth/HttpBasicAuth.java
[main] INFO io.swagger.codegen.AbstractGenerator - writing file /opt/workspace/java/generated/src/main/java/com/shinesolutions/swaggeraem4j/auth/ApiKeyAuth.java
[main] INFO io.swagger.codegen.AbstractGenerator - writing file /opt/workspace/java/generated/src/main/java/com/shinesolutions/swaggeraem4j/auth/OAuth.java
[main] INFO io.swagger.codegen.AbstractGenerator - writing file /opt/workspace/java/generated/src/main/java/com/shinesolutions/swaggeraem4j/auth/OAuthFlow.java
[main] INFO io.swagger.codegen.AbstractGenerator - writing file /opt/workspace/java/generated/gradlew
[main] INFO io.swagger.codegen.AbstractGenerator - writing file /opt/workspace/java/generated/gradlew.bat
[main] INFO io.swagger.codegen.AbstractGenerator - writing file /opt/workspace/java/generated/gradle/wrapper/gradle-wrapper.properties
[main] INFO io.swagger.codegen.DefaultGenerator - writing file /opt/workspace/java/generated/gradle/wrapper/gradle-wrapper.jar
[main] INFO io.swagger.codegen.AbstractGenerator - writing file /opt/workspace/java/generated/git_push.sh
[main] INFO io.swagger.codegen.AbstractGenerator - writing file /opt/workspace/java/generated/.gitignore
[main] INFO io.swagger.codegen.AbstractGenerator - writing file /opt/workspace/java/generated/src/main/java/com/shinesolutions/swaggeraem4j/ApiException.java
[main] INFO io.swagger.codegen.AbstractGenerator - writing file /opt/workspace/java/generated/src/main/java/com/shinesolutions/swaggeraem4j/Configuration.java
[main] INFO io.swagger.codegen.AbstractGenerator - writing file /opt/workspace/java/generated/src/main/java/com/shinesolutions/swaggeraem4j/Pair.java
[main] INFO io.swagger.codegen.AbstractGenerator - writing file /opt/workspace/java/generated/src/main/java/com/shinesolutions/swaggeraem4j/auth/Authentication.java
[main] INFO io.swagger.codegen.AbstractGenerator - writing file /opt/workspace/java/generated/src/main/java/com/shinesolutions/swaggeraem4j/ApiCallback.java
[main] INFO io.swagger.codegen.AbstractGenerator - writing file /opt/workspace/java/generated/src/main/java/com/shinesolutions/swaggeraem4j/ApiResponse.java
[main] INFO io.swagger.codegen.AbstractGenerator - writing file /opt/workspace/java/generated/src/main/java/com/shinesolutions/swaggeraem4j/JSON.java
[main] INFO io.swagger.codegen.AbstractGenerator - writing file /opt/workspace/java/generated/src/main/java/com/shinesolutions/swaggeraem4j/ProgressRequestBody.java
[main] INFO io.swagger.codegen.AbstractGenerator - writing file /opt/workspace/java/generated/src/main/java/com/shinesolutions/swaggeraem4j/ProgressResponseBody.java
[main] INFO io.swagger.codegen.AbstractGenerator - writing file /opt/workspace/java/generated/src/main/java/com/shinesolutions/swaggeraem4j/GzipRequestInterceptor.java
[main] INFO io.swagger.codegen.AbstractGenerator - writing file /opt/workspace/java/generated/.swagger-codegen-ignore
[main] INFO io.swagger.codegen.AbstractGenerator - writing file /opt/workspace/java/generated/.swagger-codegen/VERSION
