[main] INFO io.swagger.parser.Swagger20Parser - reading from conf/api.yml
[main] WARN io.swagger.codegen.ignore.CodegenIgnoreProcessor - Output directory does not exist, or is inaccessible. No file (.swager-codegen-ignore) will be evaluated.
[main] INFO io.swagger.codegen.AbstractGenerator - writing file /opt/workspace/python/generated/swaggeraem/models/install_status.py
[main] INFO io.swagger.codegen.AbstractGenerator - writing file /opt/workspace/python/generated/test/test_install_status.py
[main] INFO io.swagger.codegen.AbstractGenerator - writing file /opt/workspace/python/generated/docs/InstallStatus.md
[main] INFO io.swagger.codegen.AbstractGenerator - writing file /opt/workspace/python/generated/swaggeraem/models/install_status_status.py
[main] INFO io.swagger.codegen.AbstractGenerator - writing file /opt/workspace/python/generated/test/test_install_status_status.py
[main] INFO io.swagger.codegen.AbstractGenerator - writing file /opt/workspace/python/generated/docs/InstallStatusStatus.md
[main] INFO io.swagger.codegen.AbstractGenerator - writing file /opt/workspace/python/generated/swaggeraem/models/keystore_chain_items.py
[main] INFO io.swagger.codegen.AbstractGenerator - writing file /opt/workspace/python/generated/test/test_keystore_chain_items.py
[main] INFO io.swagger.codegen.AbstractGenerator - writing file /opt/workspace/python/generated/docs/KeystoreChainItems.md
[main] INFO io.swagger.codegen.AbstractGenerator - writing file /opt/workspace/python/generated/swaggeraem/models/keystore_info.py
[main] INFO io.swagger.codegen.AbstractGenerator - writing file /opt/workspace/python/generated/test/test_keystore_info.py
[main] INFO io.swagger.codegen.AbstractGenerator - writing file /opt/workspace/python/generated/docs/KeystoreInfo.md
[main] INFO io.swagger.codegen.AbstractGenerator - writing file /opt/workspace/python/generated/swaggeraem/models/keystore_items.py
[main] INFO io.swagger.codegen.AbstractGenerator - writing file /opt/workspace/python/generated/test/test_keystore_items.py
[main] INFO io.swagger.codegen.AbstractGenerator - writing file /opt/workspace/python/generated/docs/KeystoreItems.md
[main] INFO io.swagger.codegen.AbstractGenerator - writing file /opt/workspace/python/generated/swaggeraem/models/saml_configuration_info.py
[main] INFO io.swagger.codegen.AbstractGenerator - writing file /opt/workspace/python/generated/test/test_saml_configuration_info.py
[main] INFO io.swagger.codegen.AbstractGenerator - writing file /opt/workspace/python/generated/docs/SamlConfigurationInfo.md
[main] INFO io.swagger.codegen.AbstractGenerator - writing file /opt/workspace/python/generated/swaggeraem/models/saml_configuration_properties.py
[main] INFO io.swagger.codegen.AbstractGenerator - writing file /opt/workspace/python/generated/test/test_saml_configuration_properties.py
[main] INFO io.swagger.codegen.AbstractGenerator - writing file /opt/workspace/python/generated/docs/SamlConfigurationProperties.md
[main] INFO io.swagger.codegen.AbstractGenerator - writing file /opt/workspace/python/generated/swaggeraem/models/saml_configuration_property_items_array.py
[main] INFO io.swagger.codegen.AbstractGenerator - writing file /opt/workspace/python/generated/test/test_saml_configuration_property_items_array.py
[main] INFO io.swagger.codegen.AbstractGenerator - writing file /opt/workspace/python/generated/docs/SamlConfigurationPropertyItemsArray.md
[main] INFO io.swagger.codegen.AbstractGenerator - writing file /opt/workspace/python/generated/swaggeraem/models/saml_configuration_property_items_boolean.py
[main] INFO io.swagger.codegen.AbstractGenerator - writing file /opt/workspace/python/generated/test/test_saml_configuration_property_items_boolean.py
[main] INFO io.swagger.codegen.AbstractGenerator - writing file /opt/workspace/python/generated/docs/SamlConfigurationPropertyItemsBoolean.md
[main] INFO io.swagger.codegen.AbstractGenerator - writing file /opt/workspace/python/generated/swaggeraem/models/saml_configuration_property_items_long.py
[main] INFO io.swagger.codegen.AbstractGenerator - writing file /opt/workspace/python/generated/test/test_saml_configuration_property_items_long.py
[main] INFO io.swagger.codegen.AbstractGenerator - writing file /opt/workspace/python/generated/docs/SamlConfigurationPropertyItemsLong.md
[main] INFO io.swagger.codegen.AbstractGenerator - writing file /opt/workspace/python/generated/swaggeraem/models/saml_configuration_property_items_string.py
[main] INFO io.swagger.codegen.AbstractGenerator - writing file /opt/workspace/python/generated/test/test_saml_configuration_property_items_string.py
[main] INFO io.swagger.codegen.AbstractGenerator - writing file /opt/workspace/python/generated/docs/SamlConfigurationPropertyItemsString.md
[main] INFO io.swagger.codegen.AbstractGenerator - writing file /opt/workspace/python/generated/swaggeraem/models/truststore_info.py
[main] INFO io.swagger.codegen.AbstractGenerator - writing file /opt/workspace/python/generated/test/test_truststore_info.py
[main] INFO io.swagger.codegen.AbstractGenerator - writing file /opt/workspace/python/generated/docs/TruststoreInfo.md
[main] INFO io.swagger.codegen.AbstractGenerator - writing file /opt/workspace/python/generated/swaggeraem/models/truststore_items.py
[main] INFO io.swagger.codegen.AbstractGenerator - writing file /opt/workspace/python/generated/test/test_truststore_items.py
[main] INFO io.swagger.codegen.AbstractGenerator - writing file /opt/workspace/python/generated/docs/TruststoreItems.md
[main] INFO io.swagger.codegen.AbstractGenerator - writing file /opt/workspace/python/generated/swaggeraem/apis/console_api.py
[main] INFO io.swagger.codegen.AbstractGenerator - writing file /opt/workspace/python/generated/test/test_console_api.py
[main] INFO io.swagger.codegen.AbstractGenerator - writing file /opt/workspace/python/generated/docs/ConsoleApi.md
[main] INFO io.swagger.codegen.AbstractGenerator - writing file /opt/workspace/python/generated/swaggeraem/apis/cq_api.py
[main] INFO io.swagger.codegen.AbstractGenerator - writing file /opt/workspace/python/generated/test/test_cq_api.py
[main] INFO io.swagger.codegen.AbstractGenerator - writing file /opt/workspace/python/generated/docs/CqApi.md
[main] INFO io.swagger.codegen.AbstractGenerator - writing file /opt/workspace/python/generated/swaggeraem/apis/crx_api.py
[main] INFO io.swagger.codegen.AbstractGenerator - writing file /opt/workspace/python/generated/test/test_crx_api.py
[main] INFO io.swagger.codegen.AbstractGenerator - writing file /opt/workspace/python/generated/docs/CrxApi.md
[main] INFO io.swagger.codegen.AbstractGenerator - writing file /opt/workspace/python/generated/swaggeraem/apis/custom_api.py
[main] INFO io.swagger.codegen.AbstractGenerator - writing file /opt/workspace/python/generated/test/test_custom_api.py
[main] INFO io.swagger.codegen.AbstractGenerator - writing file /opt/workspace/python/generated/docs/CustomApi.md
[main] INFO io.swagger.codegen.AbstractGenerator - writing file /opt/workspace/python/generated/swaggeraem/apis/sling_api.py
[main] INFO io.swagger.codegen.AbstractGenerator - writing file /opt/workspace/python/generated/test/test_sling_api.py
[main] INFO io.swagger.codegen.AbstractGenerator - writing file /opt/workspace/python/generated/docs/SlingApi.md
[main] INFO io.swagger.codegen.AbstractGenerator - writing file /opt/workspace/python/generated/README.md
[main] INFO io.swagger.codegen.AbstractGenerator - writing file /opt/workspace/python/generated/tox.ini
[main] INFO io.swagger.codegen.AbstractGenerator - writing file /opt/workspace/python/generated/test-requirements.txt
[main] INFO io.swagger.codegen.AbstractGenerator - writing file /opt/workspace/python/generated/requirements.txt
[main] INFO io.swagger.codegen.AbstractGenerator - writing file /opt/workspace/python/generated/swaggeraem/configuration.py
[main] INFO io.swagger.codegen.AbstractGenerator - writing file /opt/workspace/python/generated/swaggeraem/__init__.py
[main] INFO io.swagger.codegen.AbstractGenerator - writing file /opt/workspace/python/generated/swaggeraem/models/__init__.py
[main] INFO io.swagger.codegen.AbstractGenerator - writing file /opt/workspace/python/generated/swaggeraem/apis/__init__.py
[main] INFO io.swagger.codegen.AbstractGenerator - writing file /opt/workspace/python/generated/test/__init__.py
[main] INFO io.swagger.codegen.AbstractGenerator - writing file /opt/workspace/python/generated/git_push.sh
[main] INFO io.swagger.codegen.AbstractGenerator - writing file /opt/workspace/python/generated/.gitignore
[main] INFO io.swagger.codegen.AbstractGenerator - writing file /opt/workspace/python/generated/.travis.yml
[main] INFO io.swagger.codegen.AbstractGenerator - writing file /opt/workspace/python/generated/setup.py
[main] INFO io.swagger.codegen.AbstractGenerator - writing file /opt/workspace/python/generated/swaggeraem/api_client.py
[main] INFO io.swagger.codegen.AbstractGenerator - writing file /opt/workspace/python/generated/swaggeraem/rest.py
[main] INFO io.swagger.codegen.AbstractGenerator - writing file /opt/workspace/python/generated/.swagger-codegen-ignore
[main] INFO io.swagger.codegen.AbstractGenerator - writing file /opt/workspace/python/generated/.swagger-codegen/VERSION
