Don't run Bundler as root. Bundler can ask for sudo if it is needed, and
installing your bundle as root will break this application for all non-root
users on this machine.
Fetching gem metadata from https://rubygems.org/...........
Fetching version metadata from https://rubygems.org/.
Resolving dependencies...
Fetching rake 12.0.0
Installing rake 12.0.0
Fetching ZenTest 4.11.2
Installing ZenTest 4.11.2
Fetching public_suffix 3.0.3
Installing public_suffix 3.0.3
Fetching ffi 1.10.0
Installing ffi 1.10.0 with native extensions
Fetching autotest-growl 0.2.16
Installing autotest-growl 0.2.16
Fetching autotest-rails-pure 4.1.2
Installing autotest-rails-pure 4.1.2
Using bundler 1.15.4
Fetching safe_yaml 1.0.4
Installing safe_yaml 1.0.4
Using diff-lcs 1.3
Fetching hashdiff 0.3.8
Installing hashdiff 0.3.8
Fetching json 2.1.0
Installing json 2.1.0 with native extensions
Fetching rspec-support 3.8.0
Installing rspec-support 3.8.0
Fetching vcr 3.0.3
Installing vcr 3.0.3
Fetching autotest 4.4.6
Installing autotest 4.4.6
Fetching addressable 2.6.0
Installing addressable 2.6.0
Fetching sys-uname 1.0.4
Installing sys-uname 1.0.4
Fetching ethon 0.12.0
Installing ethon 0.12.0
Fetching crack 0.4.3
Installing crack 0.4.3
Fetching rspec-core 3.8.0
Installing rspec-core 3.8.0
Fetching rspec-expectations 3.8.2
Installing rspec-expectations 3.8.2
Fetching rspec-mocks 3.8.0
Installing rspec-mocks 3.8.0
Fetching autotest-fsevent 0.2.14
Installing autotest-fsevent 0.2.14 with native extensions
Fetching typhoeus 1.3.1
Installing typhoeus 1.3.1
Fetching webmock 1.24.6
Installing webmock 1.24.6
Fetching rspec 3.8.0
Installing rspec 3.8.0
Using swagger_aem 2.5.0 from source at `.`
Bundle complete! 9 Gemfile dependencies, 26 gems now installed.
Use `bundle info [gemname]` to see where a bundled gem is installed.
Post-install message from autotest-fsevent:
[1;32m
-------------------------------------------------------------------------------

In order to use autotest-fsevent, install either the comprehensive ZenTest
gem or the lightweight autotest-standalone gem and then add the following
line to your ~/.autotest file:

require 'autotest/fsevent'

For more information, feedback and bug submissions, please visit:

http://www.bitcetera.com/products/autotest-fsevent

If you like this gem, please consider to recommend me on Working with Rails,
thank you!

http://workingwithrails.com/recommendation/new/person/11706-sven-schwyn

-------------------------------------------------------------------------------
[0m
Post-install message from autotest-growl:
[1;32m
-------------------------------------------------------------------------------

In order to use autotest-growl, install either the comprehensive 
ZenTest gem or the lightweight autotest-standalone gem and then add the 
following line to your ~/.autotest file:

require 'autotest/growl'

Make sure the notification service installed on your computer:

http://growl.info (Growl for Mac OS X)
http://growlforwindows.com (Growl for Windows)
http://www.galago-project.org (libnotify for Linux)

Mac OS X users only: Make sure you have an adequate version of Growl
installed, take a look at the README for assistance.

If Growl notifications are not always displayed, take a look at the README
for assistance.

For more information, feedback and bug submissions, please visit:

http://www.bitcetera.com/products/autotest-growl

If you like this gem, please consider to recommend me on Working with
Rails, thank you!

http://workingwithrails.com/recommendation/new/person/11706-sven-schwyn

-------------------------------------------------------------------------------
[0m
